{"D:\\ts_dev\\belajar-typescript-dasar\\dist\\src\\say-hello.js": {"path":"D:\\ts_dev\\belajar-typescript-dasar\\dist\\src\\say-hello.js","statementMap":{"0":{"start":{"line":2,"column":4},"end":{"line":2,"column":27}}},"fnMap":{"0":{"name":"sayHello","decl":{"start":{"line":1,"column":16},"end":{"line":1,"column":24}},"loc":{"start":{"line":1,"column":31},"end":{"line":3,"column":1}},"line":1}},"branchMap":{},"s":{"0":1},"f":{"0":1},"b":{},"_coverageSchema":"1a1c01bbd47fc00a2c39e90264f33305004495a9","hash":"d968275f81f69ea54c076f1cd88f9d1290fb158d"}
,"D:\\ts_dev\\belajar-typescript-dasar\\dist\\src\\type-enum.js": {"path":"D:\\ts_dev\\belajar-typescript-dasar\\dist\\src\\type-enum.js","statementMap":{"0":{"start":{"line":7,"column":0},"end":{"line":11,"column":40}},"1":{"start":{"line":8,"column":4},"end":{"line":8,"column":40}},"2":{"start":{"line":9,"column":4},"end":{"line":9,"column":34}},"3":{"start":{"line":10,"column":4},"end":{"line":10,"column":42}}},"fnMap":{"0":{"name":"(anonymous_0)","decl":{"start":{"line":7,"column":1},"end":{"line":7,"column":2}},"loc":{"start":{"line":7,"column":25},"end":{"line":11,"column":1}},"line":7}},"branchMap":{"0":{"loc":{"start":{"line":11,"column":3},"end":{"line":11,"column":38}},"type":"binary-expr","locations":[{"start":{"line":11,"column":3},"end":{"line":11,"column":15}},{"start":{"line":11,"column":20},"end":{"line":11,"column":37}}],"line":11}},"s":{"0":1,"1":1,"2":1,"3":1},"f":{"0":1},"b":{"0":[1,1]},"_coverageSchema":"1a1c01bbd47fc00a2c39e90264f33305004495a9","hash":"a0f0d5b8bfee2b8ce5f4f0424435f7337e9e69b4"}
,"D:\\ts_dev\\belajar-typescript-dasar\\src\\say-hello.ts": {"path":"D:\\ts_dev\\belajar-typescript-dasar\\src\\say-hello.ts","statementMap":{"0":{"start":{"line":2,"column":4},"end":{"line":2,"column":27}}},"fnMap":{"0":{"name":"sayHello","decl":{"start":{"line":1,"column":16},"end":{"line":1,"column":24}},"loc":{"start":{"line":1,"column":47},"end":{"line":3,"column":1}},"line":1}},"branchMap":{},"s":{"0":1},"f":{"0":1},"b":{},"_coverageSchema":"1a1c01bbd47fc00a2c39e90264f33305004495a9","hash":"c7c87aeff716e53fa93992d7eb60d19e24c82ee5"}
,"D:\\ts_dev\\belajar-typescript-dasar\\src\\type-enum.ts": {"path":"D:\\ts_dev\\belajar-typescript-dasar\\src\\type-enum.ts","statementMap":{},"fnMap":{},"branchMap":{},"s":{},"f":{},"b":{},"_coverageSchema":"1a1c01bbd47fc00a2c39e90264f33305004495a9","hash":"f32c913e27df391e10ea62c0d6d45523f16a0f2a"}
}
